<?xml version="1.0" encoding="UTF-8"?>
<testsuite xmlns:xsi="http://www.w3.org/2001/XMLSchema-instance" xsi:noNamespaceSchemaLocation="https://maven.apache.org/surefire/maven-surefire-plugin/xsd/surefire-test-report.xsd" name="melimutant.api.mutantapi.MutantapiApplicationTests" time="19.464" tests="1" errors="0" skipped="0" failures="0">
  <properties>
    <property name="gopherProxySet" value="false"/>
    <property name="awt.toolkit" value="sun.lwawt.macosx.LWCToolkit"/>
    <property name="file.encoding.pkg" value="sun.io"/>
    <property name="java.specification.version" value="1.8"/>
    <property name="sun.cpu.isalist" value=""/>
    <property name="sun.jnu.encoding" value="UTF-8"/>
    <property name="java.class.path" value="/Users/facundoandresdominguez/Documents/Programas/melimutanapigit/meli-exam-mutanapi/target/test-classes:/Users/facundoandresdominguez/Documents/Programas/melimutanapigit/meli-exam-mutanapi/target/classes:/Users/facundoandresdominguez/.m2/repository/org/springframework/boot/spring-boot-starter-web/2.3.2.RELEASE/spring-boot-starter-web-2.3.2.RELEASE.jar:/Users/facundoandresdominguez/.m2/repository/org/springframework/boot/spring-boot-starter/2.3.2.RELEASE/spring-boot-starter-2.3.2.RELEASE.jar:/Users/facundoandresdominguez/.m2/repository/org/springframework/boot/spring-boot/2.3.2.RELEASE/spring-boot-2.3.2.RELEASE.jar:/Users/facundoandresdominguez/.m2/repository/org/springframework/boot/spring-boot-autoconfigure/2.3.2.RELEASE/spring-boot-autoconfigure-2.3.2.RELEASE.jar:/Users/facundoandresdominguez/.m2/repository/org/springframework/boot/spring-boot-starter-logging/2.3.2.RELEASE/spring-boot-starter-logging-2.3.2.RELEASE.jar:/Users/facundoandresdominguez/.m2/repository/ch/qos/logback/logback-classic/1.2.3/logback-classic-1.2.3.jar:/Users/facundoandresdominguez/.m2/repository/ch/qos/logback/logback-core/1.2.3/logback-core-1.2.3.jar:/Users/facundoandresdominguez/.m2/repository/org/apache/logging/log4j/log4j-to-slf4j/2.13.3/log4j-to-slf4j-2.13.3.jar:/Users/facundoandresdominguez/.m2/repository/org/apache/logging/log4j/log4j-api/2.13.3/log4j-api-2.13.3.jar:/Users/facundoandresdominguez/.m2/repository/org/slf4j/jul-to-slf4j/1.7.30/jul-to-slf4j-1.7.30.jar:/Users/facundoandresdominguez/.m2/repository/jakarta/annotation/jakarta.annotation-api/1.3.5/jakarta.annotation-api-1.3.5.jar:/Users/facundoandresdominguez/.m2/repository/org/yaml/snakeyaml/1.26/snakeyaml-1.26.jar:/Users/facundoandresdominguez/.m2/repository/org/springframework/boot/spring-boot-starter-json/2.3.2.RELEASE/spring-boot-starter-json-2.3.2.RELEASE.jar:/Users/facundoandresdominguez/.m2/repository/com/fasterxml/jackson/core/jackson-databind/2.11.1/jackson-databind-2.11.1.jar:/Users/facundoandresdominguez/.m2/repository/com/fasterxml/jackson/core/jackson-core/2.11.1/jackson-core-2.11.1.jar:/Users/facundoandresdominguez/.m2/repository/com/fasterxml/jackson/datatype/jackson-datatype-jdk8/2.11.1/jackson-datatype-jdk8-2.11.1.jar:/Users/facundoandresdominguez/.m2/repository/com/fasterxml/jackson/datatype/jackson-datatype-jsr310/2.11.1/jackson-datatype-jsr310-2.11.1.jar:/Users/facundoandresdominguez/.m2/repository/com/fasterxml/jackson/module/jackson-module-parameter-names/2.11.1/jackson-module-parameter-names-2.11.1.jar:/Users/facundoandresdominguez/.m2/repository/org/springframework/boot/spring-boot-starter-tomcat/2.3.2.RELEASE/spring-boot-starter-tomcat-2.3.2.RELEASE.jar:/Users/facundoandresdominguez/.m2/repository/org/apache/tomcat/embed/tomcat-embed-core/9.0.37/tomcat-embed-core-9.0.37.jar:/Users/facundoandresdominguez/.m2/repository/org/glassfish/jakarta.el/3.0.3/jakarta.el-3.0.3.jar:/Users/facundoandresdominguez/.m2/repository/org/apache/tomcat/embed/tomcat-embed-websocket/9.0.37/tomcat-embed-websocket-9.0.37.jar:/Users/facundoandresdominguez/.m2/repository/org/springframework/spring-web/5.2.8.RELEASE/spring-web-5.2.8.RELEASE.jar:/Users/facundoandresdominguez/.m2/repository/org/springframework/spring-beans/5.2.8.RELEASE/spring-beans-5.2.8.RELEASE.jar:/Users/facundoandresdominguez/.m2/repository/org/springframework/spring-webmvc/5.2.8.RELEASE/spring-webmvc-5.2.8.RELEASE.jar:/Users/facundoandresdominguez/.m2/repository/org/springframework/spring-aop/5.2.8.RELEASE/spring-aop-5.2.8.RELEASE.jar:/Users/facundoandresdominguez/.m2/repository/org/springframework/spring-context/5.2.8.RELEASE/spring-context-5.2.8.RELEASE.jar:/Users/facundoandresdominguez/.m2/repository/org/springframework/spring-expression/5.2.8.RELEASE/spring-expression-5.2.8.RELEASE.jar:/Users/facundoandresdominguez/.m2/repository/org/springframework/boot/spring-boot-starter-data-jpa/2.3.2.RELEASE/spring-boot-starter-data-jpa-2.3.2.RELEASE.jar:/Users/facundoandresdominguez/.m2/repository/org/springframework/boot/spring-boot-starter-aop/2.3.2.RELEASE/spring-boot-starter-aop-2.3.2.RELEASE.jar:/Users/facundoandresdominguez/.m2/repository/org/aspectj/aspectjweaver/1.9.6/aspectjweaver-1.9.6.jar:/Users/facundoandresdominguez/.m2/repository/org/springframework/boot/spring-boot-starter-jdbc/2.3.2.RELEASE/spring-boot-starter-jdbc-2.3.2.RELEASE.jar:/Users/facundoandresdominguez/.m2/repository/com/zaxxer/HikariCP/3.4.5/HikariCP-3.4.5.jar:/Users/facundoandresdominguez/.m2/repository/org/springframework/spring-jdbc/5.2.8.RELEASE/spring-jdbc-5.2.8.RELEASE.jar:/Users/facundoandresdominguez/.m2/repository/jakarta/transaction/jakarta.transaction-api/1.3.3/jakarta.transaction-api-1.3.3.jar:/Users/facundoandresdominguez/.m2/repository/jakarta/persistence/jakarta.persistence-api/2.2.3/jakarta.persistence-api-2.2.3.jar:/Users/facundoandresdominguez/.m2/repository/org/hibernate/hibernate-core/5.4.18.Final/hibernate-core-5.4.18.Final.jar:/Users/facundoandresdominguez/.m2/repository/org/jboss/logging/jboss-logging/3.4.1.Final/jboss-logging-3.4.1.Final.jar:/Users/facundoandresdominguez/.m2/repository/org/javassist/javassist/3.24.0-GA/javassist-3.24.0-GA.jar:/Users/facundoandresdominguez/.m2/repository/antlr/antlr/2.7.7/antlr-2.7.7.jar:/Users/facundoandresdominguez/.m2/repository/org/jboss/jandex/2.1.3.Final/jandex-2.1.3.Final.jar:/Users/facundoandresdominguez/.m2/repository/com/fasterxml/classmate/1.5.1/classmate-1.5.1.jar:/Users/facundoandresdominguez/.m2/repository/org/dom4j/dom4j/2.1.3/dom4j-2.1.3.jar:/Users/facundoandresdominguez/.m2/repository/org/hibernate/common/hibernate-commons-annotations/5.1.0.Final/hibernate-commons-annotations-5.1.0.Final.jar:/Users/facundoandresdominguez/.m2/repository/org/glassfish/jaxb/jaxb-runtime/2.3.3/jaxb-runtime-2.3.3.jar:/Users/facundoandresdominguez/.m2/repository/org/glassfish/jaxb/txw2/2.3.3/txw2-2.3.3.jar:/Users/facundoandresdominguez/.m2/repository/com/sun/istack/istack-commons-runtime/3.0.11/istack-commons-runtime-3.0.11.jar:/Users/facundoandresdominguez/.m2/repository/com/sun/activation/jakarta.activation/1.2.2/jakarta.activation-1.2.2.jar:/Users/facundoandresdominguez/.m2/repository/org/springframework/data/spring-data-jpa/2.3.2.RELEASE/spring-data-jpa-2.3.2.RELEASE.jar:/Users/facundoandresdominguez/.m2/repository/org/springframework/data/spring-data-commons/2.3.2.RELEASE/spring-data-commons-2.3.2.RELEASE.jar:/Users/facundoandresdominguez/.m2/repository/org/springframework/spring-orm/5.2.8.RELEASE/spring-orm-5.2.8.RELEASE.jar:/Users/facundoandresdominguez/.m2/repository/org/springframework/spring-tx/5.2.8.RELEASE/spring-tx-5.2.8.RELEASE.jar:/Users/facundoandresdominguez/.m2/repository/org/springframework/spring-aspects/5.2.8.RELEASE/spring-aspects-5.2.8.RELEASE.jar:/Users/facundoandresdominguez/.m2/repository/org/springframework/boot/spring-boot-starter-data-rest/2.3.2.RELEASE/spring-boot-starter-data-rest-2.3.2.RELEASE.jar:/Users/facundoandresdominguez/.m2/repository/org/springframework/data/spring-data-rest-webmvc/3.3.2.RELEASE/spring-data-rest-webmvc-3.3.2.RELEASE.jar:/Users/facundoandresdominguez/.m2/repository/org/springframework/data/spring-data-rest-core/3.3.2.RELEASE/spring-data-rest-core-3.3.2.RELEASE.jar:/Users/facundoandresdominguez/.m2/repository/org/springframework/hateoas/spring-hateoas/1.1.0.RELEASE/spring-hateoas-1.1.0.RELEASE.jar:/Users/facundoandresdominguez/.m2/repository/org/springframework/plugin/spring-plugin-core/2.0.0.RELEASE/spring-plugin-core-2.0.0.RELEASE.jar:/Users/facundoandresdominguez/.m2/repository/org/atteo/evo-inflector/1.2.2/evo-inflector-1.2.2.jar:/Users/facundoandresdominguez/.m2/repository/com/fasterxml/jackson/core/jackson-annotations/2.11.1/jackson-annotations-2.11.1.jar:/Users/facundoandresdominguez/.m2/repository/org/postgresql/postgresql/42.2.14/postgresql-42.2.14.jar:/Users/facundoandresdominguez/.m2/repository/org/springframework/cloud/spring-cloud-gcp-starter/1.0.0.RELEASE/spring-cloud-gcp-starter-1.0.0.RELEASE.jar:/Users/facundoandresdominguez/.m2/repository/org/springframework/cloud/spring-cloud-gcp-core/1.0.0.RELEASE/spring-cloud-gcp-core-1.0.0.RELEASE.jar:/Users/facundoandresdominguez/.m2/repository/com/google/cloud/google-cloud-core/1.38.0/google-cloud-core-1.38.0.jar:/Users/facundoandresdominguez/.m2/repository/com/google/guava/guava/20.0/guava-20.0.jar:/Users/facundoandresdominguez/.m2/repository/joda-time/joda-time/2.9.2/joda-time-2.9.2.jar:/Users/facundoandresdominguez/.m2/repository/com/google/http-client/google-http-client/1.23.0/google-http-client-1.23.0.jar:/Users/facundoandresdominguez/.m2/repository/org/apache/httpcomponents/httpclient/4.5.12/httpclient-4.5.12.jar:/Users/facundoandresdominguez/.m2/repository/org/apache/httpcomponents/httpcore/4.4.13/httpcore-4.4.13.jar:/Users/facundoandresdominguez/.m2/repository/commons-codec/commons-codec/1.14/commons-codec-1.14.jar:/Users/facundoandresdominguez/.m2/repository/com/google/code/findbugs/jsr305/3.0.2/jsr305-3.0.2.jar:/Users/facundoandresdominguez/.m2/repository/com/google/api/api-common/1.6.0/api-common-1.6.0.jar:/Users/facundoandresdominguez/.m2/repository/com/google/api/gax/1.29.0/gax-1.29.0.jar:/Users/facundoandresdominguez/.m2/repository/org/threeten/threetenbp/1.3.3/threetenbp-1.3.3.jar:/Users/facundoandresdominguez/.m2/repository/com/google/auth/google-auth-library-oauth2-http/0.9.1/google-auth-library-oauth2-http-0.9.1.jar:/Users/facundoandresdominguez/.m2/repository/com/google/auth/google-auth-library-credentials/0.9.1/google-auth-library-credentials-0.9.1.jar:/Users/facundoandresdominguez/.m2/repository/com/google/http-client/google-http-client-jackson2/1.19.0/google-http-client-jackson2-1.19.0.jar:/Users/facundoandresdominguez/.m2/repository/com/google/protobuf/protobuf-java-util/3.6.0/protobuf-java-util-3.6.0.jar:/Users/facundoandresdominguez/.m2/repository/com/google/protobuf/protobuf-java/3.6.0/protobuf-java-3.6.0.jar:/Users/facundoandresdominguez/.m2/repository/com/google/code/gson/gson/2.8.6/gson-2.8.6.jar:/Users/facundoandresdominguez/.m2/repository/com/google/api/grpc/proto-google-common-protos/1.12.0/proto-google-common-protos-1.12.0.jar:/Users/facundoandresdominguez/.m2/repository/com/google/api/grpc/proto-google-iam-v1/0.12.0/proto-google-iam-v1-0.12.0.jar:/Users/facundoandresdominguez/.m2/repository/org/springframework/cloud/spring-cloud-gcp-autoconfigure/1.0.0.RELEASE/spring-cloud-gcp-autoconfigure-1.0.0.RELEASE.jar:/Users/facundoandresdominguez/.m2/repository/org/slf4j/slf4j-api/1.7.30/slf4j-api-1.7.30.jar:/Users/facundoandresdominguez/.m2/repository/org/springframework/cloud/spring-cloud-gcp-starter-sql-postgresql/1.0.0.RELEASE/spring-cloud-gcp-starter-sql-postgresql-1.0.0.RELEASE.jar:/Users/facundoandresdominguez/.m2/repository/com/google/cloud/sql/postgres-socket-factory/1.0.10/postgres-socket-factory-1.0.10.jar:/Users/facundoandresdominguez/.m2/repository/com/google/cloud/sql/jdbc-socket-factory-core/1.0.10/jdbc-socket-factory-core-1.0.10.jar:/Users/facundoandresdominguez/.m2/repository/com/google/apis/google-api-services-sqladmin/v1beta4-rev56-1.23.0/google-api-services-sqladmin-v1beta4-rev56-1.23.0.jar:/Users/facundoandresdominguez/.m2/repository/com/google/api-client/google-api-client/1.23.0/google-api-client-1.23.0.jar:/Users/facundoandresdominguez/.m2/repository/com/google/oauth-client/google-oauth-client/1.23.0/google-oauth-client-1.23.0.jar:/Users/facundoandresdominguez/.m2/repository/com/github/jnr/jnr-unixsocket/0.18/jnr-unixsocket-0.18.jar:/Users/facundoandresdominguez/.m2/repository/com/github/jnr/jnr-ffi/2.1.4/jnr-ffi-2.1.4.jar:/Users/facundoandresdominguez/.m2/repository/com/github/jnr/jffi/1.2.15/jffi-1.2.15.jar:/Users/facundoandresdominguez/.m2/repository/com/github/jnr/jffi/1.2.15/jffi-1.2.15-native.jar:/Users/facundoandresdominguez/.m2/repository/org/ow2/asm/asm/5.0.3/asm-5.0.3.jar:/Users/facundoandresdominguez/.m2/repository/org/ow2/asm/asm-commons/5.0.3/asm-commons-5.0.3.jar:/Users/facundoandresdominguez/.m2/repository/org/ow2/asm/asm-analysis/5.0.3/asm-analysis-5.0.3.jar:/Users/facundoandresdominguez/.m2/repository/org/ow2/asm/asm-tree/5.0.3/asm-tree-5.0.3.jar:/Users/facundoandresdominguez/.m2/repository/org/ow2/asm/asm-util/5.0.3/asm-util-5.0.3.jar:/Users/facundoandresdominguez/.m2/repository/com/github/jnr/jnr-x86asm/1.0.2/jnr-x86asm-1.0.2.jar:/Users/facundoandresdominguez/.m2/repository/com/github/jnr/jnr-constants/0.9.8/jnr-constants-0.9.8.jar:/Users/facundoandresdominguez/.m2/repository/com/github/jnr/jnr-enxio/0.16/jnr-enxio-0.16.jar:/Users/facundoandresdominguez/.m2/repository/com/github/jnr/jnr-posix/3.0.35/jnr-posix-3.0.35.jar:/Users/facundoandresdominguez/.m2/repository/org/springframework/boot/spring-boot-starter-test/2.3.2.RELEASE/spring-boot-starter-test-2.3.2.RELEASE.jar:/Users/facundoandresdominguez/.m2/repository/org/springframework/boot/spring-boot-test/2.3.2.RELEASE/spring-boot-test-2.3.2.RELEASE.jar:/Users/facundoandresdominguez/.m2/repository/org/springframework/boot/spring-boot-test-autoconfigure/2.3.2.RELEASE/spring-boot-test-autoconfigure-2.3.2.RELEASE.jar:/Users/facundoandresdominguez/.m2/repository/com/jayway/jsonpath/json-path/2.4.0/json-path-2.4.0.jar:/Users/facundoandresdominguez/.m2/repository/net/minidev/json-smart/2.3/json-smart-2.3.jar:/Users/facundoandresdominguez/.m2/repository/net/minidev/accessors-smart/1.2/accessors-smart-1.2.jar:/Users/facundoandresdominguez/.m2/repository/jakarta/xml/bind/jakarta.xml.bind-api/2.3.3/jakarta.xml.bind-api-2.3.3.jar:/Users/facundoandresdominguez/.m2/repository/jakarta/activation/jakarta.activation-api/1.2.2/jakarta.activation-api-1.2.2.jar:/Users/facundoandresdominguez/.m2/repository/org/hamcrest/hamcrest/2.2/hamcrest-2.2.jar:/Users/facundoandresdominguez/.m2/repository/org/junit/jupiter/junit-jupiter/5.6.2/junit-jupiter-5.6.2.jar:/Users/facundoandresdominguez/.m2/repository/org/junit/jupiter/junit-jupiter-api/5.6.2/junit-jupiter-api-5.6.2.jar:/Users/facundoandresdominguez/.m2/repository/org/apiguardian/apiguardian-api/1.1.0/apiguardian-api-1.1.0.jar:/Users/facundoandresdominguez/.m2/repository/org/opentest4j/opentest4j/1.2.0/opentest4j-1.2.0.jar:/Users/facundoandresdominguez/.m2/repository/org/junit/platform/junit-platform-commons/1.6.2/junit-platform-commons-1.6.2.jar:/Users/facundoandresdominguez/.m2/repository/org/junit/jupiter/junit-jupiter-params/5.6.2/junit-jupiter-params-5.6.2.jar:/Users/facundoandresdominguez/.m2/repository/org/junit/jupiter/junit-jupiter-engine/5.6.2/junit-jupiter-engine-5.6.2.jar:/Users/facundoandresdominguez/.m2/repository/org/junit/platform/junit-platform-engine/1.6.2/junit-platform-engine-1.6.2.jar:/Users/facundoandresdominguez/.m2/repository/org/mockito/mockito-junit-jupiter/3.3.3/mockito-junit-jupiter-3.3.3.jar:/Users/facundoandresdominguez/.m2/repository/org/skyscreamer/jsonassert/1.5.0/jsonassert-1.5.0.jar:/Users/facundoandresdominguez/.m2/repository/com/vaadin/external/google/android-json/0.0.20131108.vaadin1/android-json-0.0.20131108.vaadin1.jar:/Users/facundoandresdominguez/.m2/repository/org/springframework/spring-core/5.2.8.RELEASE/spring-core-5.2.8.RELEASE.jar:/Users/facundoandresdominguez/.m2/repository/org/springframework/spring-jcl/5.2.8.RELEASE/spring-jcl-5.2.8.RELEASE.jar:/Users/facundoandresdominguez/.m2/repository/org/springframework/spring-test/5.2.8.RELEASE/spring-test-5.2.8.RELEASE.jar:/Users/facundoandresdominguez/.m2/repository/org/xmlunit/xmlunit-core/2.7.0/xmlunit-core-2.7.0.jar:/Users/facundoandresdominguez/.m2/repository/junit/junit/4.12/junit-4.12.jar:/Users/facundoandresdominguez/.m2/repository/org/hamcrest/hamcrest-core/2.2/hamcrest-core-2.2.jar:/Users/facundoandresdominguez/.m2/repository/org/mockito/mockito-core/3.3.3/mockito-core-3.3.3.jar:/Users/facundoandresdominguez/.m2/repository/net/bytebuddy/byte-buddy/1.10.13/byte-buddy-1.10.13.jar:/Users/facundoandresdominguez/.m2/repository/net/bytebuddy/byte-buddy-agent/1.10.13/byte-buddy-agent-1.10.13.jar:/Users/facundoandresdominguez/.m2/repository/org/objenesis/objenesis/2.6/objenesis-2.6.jar:/Users/facundoandresdominguez/.m2/repository/org/json/json/20190722/json-20190722.jar:/Users/facundoandresdominguez/.m2/repository/org/assertj/assertj-core/3.16.1/assertj-core-3.16.1.jar:"/>
    <property name="java.vm.vendor" value="Oracle Corporation"/>
    <property name="sun.arch.data.model" value="64"/>
    <property name="java.vendor.url" value="http://java.oracle.com/"/>
    <property name="user.timezone" value=""/>
    <property name="java.vm.specification.version" value="1.8"/>
    <property name="os.name" value="Mac OS X"/>
    <property name="sun.java.launcher" value="SUN_STANDARD"/>
    <property name="user.country" value="AR"/>
    <property name="sun.boot.library.path" value="/Library/Java/JavaVirtualMachines/jdk1.8.0_241.jdk/Contents/Home/jre/lib"/>
    <property name="sun.java.command" value="/Users/facundoandresdominguez/Documents/Programas/melimutanapigit/meli-exam-mutanapi/target/surefire/surefirebooter2024694582051876253.jar /Users/facundoandresdominguez/Documents/Programas/melimutanapigit/meli-exam-mutanapi/target/surefire 2020-08-06T22-02-59_845-jvmRun1 surefire4019355655259807181tmp surefire_02946380450023851986tmp"/>
    <property name="http.nonProxyHosts" value="local|*.local|169.254/16|*.169.254/16"/>
    <property name="surefire.test.class.path" value="/Users/facundoandresdominguez/Documents/Programas/melimutanapigit/meli-exam-mutanapi/target/test-classes:/Users/facundoandresdominguez/Documents/Programas/melimutanapigit/meli-exam-mutanapi/target/classes:/Users/facundoandresdominguez/.m2/repository/org/springframework/boot/spring-boot-starter-web/2.3.2.RELEASE/spring-boot-starter-web-2.3.2.RELEASE.jar:/Users/facundoandresdominguez/.m2/repository/org/springframework/boot/spring-boot-starter/2.3.2.RELEASE/spring-boot-starter-2.3.2.RELEASE.jar:/Users/facundoandresdominguez/.m2/repository/org/springframework/boot/spring-boot/2.3.2.RELEASE/spring-boot-2.3.2.RELEASE.jar:/Users/facundoandresdominguez/.m2/repository/org/springframework/boot/spring-boot-autoconfigure/2.3.2.RELEASE/spring-boot-autoconfigure-2.3.2.RELEASE.jar:/Users/facundoandresdominguez/.m2/repository/org/springframework/boot/spring-boot-starter-logging/2.3.2.RELEASE/spring-boot-starter-logging-2.3.2.RELEASE.jar:/Users/facundoandresdominguez/.m2/repository/ch/qos/logback/logback-classic/1.2.3/logback-classic-1.2.3.jar:/Users/facundoandresdominguez/.m2/repository/ch/qos/logback/logback-core/1.2.3/logback-core-1.2.3.jar:/Users/facundoandresdominguez/.m2/repository/org/apache/logging/log4j/log4j-to-slf4j/2.13.3/log4j-to-slf4j-2.13.3.jar:/Users/facundoandresdominguez/.m2/repository/org/apache/logging/log4j/log4j-api/2.13.3/log4j-api-2.13.3.jar:/Users/facundoandresdominguez/.m2/repository/org/slf4j/jul-to-slf4j/1.7.30/jul-to-slf4j-1.7.30.jar:/Users/facundoandresdominguez/.m2/repository/jakarta/annotation/jakarta.annotation-api/1.3.5/jakarta.annotation-api-1.3.5.jar:/Users/facundoandresdominguez/.m2/repository/org/yaml/snakeyaml/1.26/snakeyaml-1.26.jar:/Users/facundoandresdominguez/.m2/repository/org/springframework/boot/spring-boot-starter-json/2.3.2.RELEASE/spring-boot-starter-json-2.3.2.RELEASE.jar:/Users/facundoandresdominguez/.m2/repository/com/fasterxml/jackson/core/jackson-databind/2.11.1/jackson-databind-2.11.1.jar:/Users/facundoandresdominguez/.m2/repository/com/fasterxml/jackson/core/jackson-core/2.11.1/jackson-core-2.11.1.jar:/Users/facundoandresdominguez/.m2/repository/com/fasterxml/jackson/datatype/jackson-datatype-jdk8/2.11.1/jackson-datatype-jdk8-2.11.1.jar:/Users/facundoandresdominguez/.m2/repository/com/fasterxml/jackson/datatype/jackson-datatype-jsr310/2.11.1/jackson-datatype-jsr310-2.11.1.jar:/Users/facundoandresdominguez/.m2/repository/com/fasterxml/jackson/module/jackson-module-parameter-names/2.11.1/jackson-module-parameter-names-2.11.1.jar:/Users/facundoandresdominguez/.m2/repository/org/springframework/boot/spring-boot-starter-tomcat/2.3.2.RELEASE/spring-boot-starter-tomcat-2.3.2.RELEASE.jar:/Users/facundoandresdominguez/.m2/repository/org/apache/tomcat/embed/tomcat-embed-core/9.0.37/tomcat-embed-core-9.0.37.jar:/Users/facundoandresdominguez/.m2/repository/org/glassfish/jakarta.el/3.0.3/jakarta.el-3.0.3.jar:/Users/facundoandresdominguez/.m2/repository/org/apache/tomcat/embed/tomcat-embed-websocket/9.0.37/tomcat-embed-websocket-9.0.37.jar:/Users/facundoandresdominguez/.m2/repository/org/springframework/spring-web/5.2.8.RELEASE/spring-web-5.2.8.RELEASE.jar:/Users/facundoandresdominguez/.m2/repository/org/springframework/spring-beans/5.2.8.RELEASE/spring-beans-5.2.8.RELEASE.jar:/Users/facundoandresdominguez/.m2/repository/org/springframework/spring-webmvc/5.2.8.RELEASE/spring-webmvc-5.2.8.RELEASE.jar:/Users/facundoandresdominguez/.m2/repository/org/springframework/spring-aop/5.2.8.RELEASE/spring-aop-5.2.8.RELEASE.jar:/Users/facundoandresdominguez/.m2/repository/org/springframework/spring-context/5.2.8.RELEASE/spring-context-5.2.8.RELEASE.jar:/Users/facundoandresdominguez/.m2/repository/org/springframework/spring-expression/5.2.8.RELEASE/spring-expression-5.2.8.RELEASE.jar:/Users/facundoandresdominguez/.m2/repository/org/springframework/boot/spring-boot-starter-data-jpa/2.3.2.RELEASE/spring-boot-starter-data-jpa-2.3.2.RELEASE.jar:/Users/facundoandresdominguez/.m2/repository/org/springframework/boot/spring-boot-starter-aop/2.3.2.RELEASE/spring-boot-starter-aop-2.3.2.RELEASE.jar:/Users/facundoandresdominguez/.m2/repository/org/aspectj/aspectjweaver/1.9.6/aspectjweaver-1.9.6.jar:/Users/facundoandresdominguez/.m2/repository/org/springframework/boot/spring-boot-starter-jdbc/2.3.2.RELEASE/spring-boot-starter-jdbc-2.3.2.RELEASE.jar:/Users/facundoandresdominguez/.m2/repository/com/zaxxer/HikariCP/3.4.5/HikariCP-3.4.5.jar:/Users/facundoandresdominguez/.m2/repository/org/springframework/spring-jdbc/5.2.8.RELEASE/spring-jdbc-5.2.8.RELEASE.jar:/Users/facundoandresdominguez/.m2/repository/jakarta/transaction/jakarta.transaction-api/1.3.3/jakarta.transaction-api-1.3.3.jar:/Users/facundoandresdominguez/.m2/repository/jakarta/persistence/jakarta.persistence-api/2.2.3/jakarta.persistence-api-2.2.3.jar:/Users/facundoandresdominguez/.m2/repository/org/hibernate/hibernate-core/5.4.18.Final/hibernate-core-5.4.18.Final.jar:/Users/facundoandresdominguez/.m2/repository/org/jboss/logging/jboss-logging/3.4.1.Final/jboss-logging-3.4.1.Final.jar:/Users/facundoandresdominguez/.m2/repository/org/javassist/javassist/3.24.0-GA/javassist-3.24.0-GA.jar:/Users/facundoandresdominguez/.m2/repository/antlr/antlr/2.7.7/antlr-2.7.7.jar:/Users/facundoandresdominguez/.m2/repository/org/jboss/jandex/2.1.3.Final/jandex-2.1.3.Final.jar:/Users/facundoandresdominguez/.m2/repository/com/fasterxml/classmate/1.5.1/classmate-1.5.1.jar:/Users/facundoandresdominguez/.m2/repository/org/dom4j/dom4j/2.1.3/dom4j-2.1.3.jar:/Users/facundoandresdominguez/.m2/repository/org/hibernate/common/hibernate-commons-annotations/5.1.0.Final/hibernate-commons-annotations-5.1.0.Final.jar:/Users/facundoandresdominguez/.m2/repository/org/glassfish/jaxb/jaxb-runtime/2.3.3/jaxb-runtime-2.3.3.jar:/Users/facundoandresdominguez/.m2/repository/org/glassfish/jaxb/txw2/2.3.3/txw2-2.3.3.jar:/Users/facundoandresdominguez/.m2/repository/com/sun/istack/istack-commons-runtime/3.0.11/istack-commons-runtime-3.0.11.jar:/Users/facundoandresdominguez/.m2/repository/com/sun/activation/jakarta.activation/1.2.2/jakarta.activation-1.2.2.jar:/Users/facundoandresdominguez/.m2/repository/org/springframework/data/spring-data-jpa/2.3.2.RELEASE/spring-data-jpa-2.3.2.RELEASE.jar:/Users/facundoandresdominguez/.m2/repository/org/springframework/data/spring-data-commons/2.3.2.RELEASE/spring-data-commons-2.3.2.RELEASE.jar:/Users/facundoandresdominguez/.m2/repository/org/springframework/spring-orm/5.2.8.RELEASE/spring-orm-5.2.8.RELEASE.jar:/Users/facundoandresdominguez/.m2/repository/org/springframework/spring-tx/5.2.8.RELEASE/spring-tx-5.2.8.RELEASE.jar:/Users/facundoandresdominguez/.m2/repository/org/springframework/spring-aspects/5.2.8.RELEASE/spring-aspects-5.2.8.RELEASE.jar:/Users/facundoandresdominguez/.m2/repository/org/springframework/boot/spring-boot-starter-data-rest/2.3.2.RELEASE/spring-boot-starter-data-rest-2.3.2.RELEASE.jar:/Users/facundoandresdominguez/.m2/repository/org/springframework/data/spring-data-rest-webmvc/3.3.2.RELEASE/spring-data-rest-webmvc-3.3.2.RELEASE.jar:/Users/facundoandresdominguez/.m2/repository/org/springframework/data/spring-data-rest-core/3.3.2.RELEASE/spring-data-rest-core-3.3.2.RELEASE.jar:/Users/facundoandresdominguez/.m2/repository/org/springframework/hateoas/spring-hateoas/1.1.0.RELEASE/spring-hateoas-1.1.0.RELEASE.jar:/Users/facundoandresdominguez/.m2/repository/org/springframework/plugin/spring-plugin-core/2.0.0.RELEASE/spring-plugin-core-2.0.0.RELEASE.jar:/Users/facundoandresdominguez/.m2/repository/org/atteo/evo-inflector/1.2.2/evo-inflector-1.2.2.jar:/Users/facundoandresdominguez/.m2/repository/com/fasterxml/jackson/core/jackson-annotations/2.11.1/jackson-annotations-2.11.1.jar:/Users/facundoandresdominguez/.m2/repository/org/postgresql/postgresql/42.2.14/postgresql-42.2.14.jar:/Users/facundoandresdominguez/.m2/repository/org/springframework/cloud/spring-cloud-gcp-starter/1.0.0.RELEASE/spring-cloud-gcp-starter-1.0.0.RELEASE.jar:/Users/facundoandresdominguez/.m2/repository/org/springframework/cloud/spring-cloud-gcp-core/1.0.0.RELEASE/spring-cloud-gcp-core-1.0.0.RELEASE.jar:/Users/facundoandresdominguez/.m2/repository/com/google/cloud/google-cloud-core/1.38.0/google-cloud-core-1.38.0.jar:/Users/facundoandresdominguez/.m2/repository/com/google/guava/guava/20.0/guava-20.0.jar:/Users/facundoandresdominguez/.m2/repository/joda-time/joda-time/2.9.2/joda-time-2.9.2.jar:/Users/facundoandresdominguez/.m2/repository/com/google/http-client/google-http-client/1.23.0/google-http-client-1.23.0.jar:/Users/facundoandresdominguez/.m2/repository/org/apache/httpcomponents/httpclient/4.5.12/httpclient-4.5.12.jar:/Users/facundoandresdominguez/.m2/repository/org/apache/httpcomponents/httpcore/4.4.13/httpcore-4.4.13.jar:/Users/facundoandresdominguez/.m2/repository/commons-codec/commons-codec/1.14/commons-codec-1.14.jar:/Users/facundoandresdominguez/.m2/repository/com/google/code/findbugs/jsr305/3.0.2/jsr305-3.0.2.jar:/Users/facundoandresdominguez/.m2/repository/com/google/api/api-common/1.6.0/api-common-1.6.0.jar:/Users/facundoandresdominguez/.m2/repository/com/google/api/gax/1.29.0/gax-1.29.0.jar:/Users/facundoandresdominguez/.m2/repository/org/threeten/threetenbp/1.3.3/threetenbp-1.3.3.jar:/Users/facundoandresdominguez/.m2/repository/com/google/auth/google-auth-library-oauth2-http/0.9.1/google-auth-library-oauth2-http-0.9.1.jar:/Users/facundoandresdominguez/.m2/repository/com/google/auth/google-auth-library-credentials/0.9.1/google-auth-library-credentials-0.9.1.jar:/Users/facundoandresdominguez/.m2/repository/com/google/http-client/google-http-client-jackson2/1.19.0/google-http-client-jackson2-1.19.0.jar:/Users/facundoandresdominguez/.m2/repository/com/google/protobuf/protobuf-java-util/3.6.0/protobuf-java-util-3.6.0.jar:/Users/facundoandresdominguez/.m2/repository/com/google/protobuf/protobuf-java/3.6.0/protobuf-java-3.6.0.jar:/Users/facundoandresdominguez/.m2/repository/com/google/code/gson/gson/2.8.6/gson-2.8.6.jar:/Users/facundoandresdominguez/.m2/repository/com/google/api/grpc/proto-google-common-protos/1.12.0/proto-google-common-protos-1.12.0.jar:/Users/facundoandresdominguez/.m2/repository/com/google/api/grpc/proto-google-iam-v1/0.12.0/proto-google-iam-v1-0.12.0.jar:/Users/facundoandresdominguez/.m2/repository/org/springframework/cloud/spring-cloud-gcp-autoconfigure/1.0.0.RELEASE/spring-cloud-gcp-autoconfigure-1.0.0.RELEASE.jar:/Users/facundoandresdominguez/.m2/repository/org/slf4j/slf4j-api/1.7.30/slf4j-api-1.7.30.jar:/Users/facundoandresdominguez/.m2/repository/org/springframework/cloud/spring-cloud-gcp-starter-sql-postgresql/1.0.0.RELEASE/spring-cloud-gcp-starter-sql-postgresql-1.0.0.RELEASE.jar:/Users/facundoandresdominguez/.m2/repository/com/google/cloud/sql/postgres-socket-factory/1.0.10/postgres-socket-factory-1.0.10.jar:/Users/facundoandresdominguez/.m2/repository/com/google/cloud/sql/jdbc-socket-factory-core/1.0.10/jdbc-socket-factory-core-1.0.10.jar:/Users/facundoandresdominguez/.m2/repository/com/google/apis/google-api-services-sqladmin/v1beta4-rev56-1.23.0/google-api-services-sqladmin-v1beta4-rev56-1.23.0.jar:/Users/facundoandresdominguez/.m2/repository/com/google/api-client/google-api-client/1.23.0/google-api-client-1.23.0.jar:/Users/facundoandresdominguez/.m2/repository/com/google/oauth-client/google-oauth-client/1.23.0/google-oauth-client-1.23.0.jar:/Users/facundoandresdominguez/.m2/repository/com/github/jnr/jnr-unixsocket/0.18/jnr-unixsocket-0.18.jar:/Users/facundoandresdominguez/.m2/repository/com/github/jnr/jnr-ffi/2.1.4/jnr-ffi-2.1.4.jar:/Users/facundoandresdominguez/.m2/repository/com/github/jnr/jffi/1.2.15/jffi-1.2.15.jar:/Users/facundoandresdominguez/.m2/repository/com/github/jnr/jffi/1.2.15/jffi-1.2.15-native.jar:/Users/facundoandresdominguez/.m2/repository/org/ow2/asm/asm/5.0.3/asm-5.0.3.jar:/Users/facundoandresdominguez/.m2/repository/org/ow2/asm/asm-commons/5.0.3/asm-commons-5.0.3.jar:/Users/facundoandresdominguez/.m2/repository/org/ow2/asm/asm-analysis/5.0.3/asm-analysis-5.0.3.jar:/Users/facundoandresdominguez/.m2/repository/org/ow2/asm/asm-tree/5.0.3/asm-tree-5.0.3.jar:/Users/facundoandresdominguez/.m2/repository/org/ow2/asm/asm-util/5.0.3/asm-util-5.0.3.jar:/Users/facundoandresdominguez/.m2/repository/com/github/jnr/jnr-x86asm/1.0.2/jnr-x86asm-1.0.2.jar:/Users/facundoandresdominguez/.m2/repository/com/github/jnr/jnr-constants/0.9.8/jnr-constants-0.9.8.jar:/Users/facundoandresdominguez/.m2/repository/com/github/jnr/jnr-enxio/0.16/jnr-enxio-0.16.jar:/Users/facundoandresdominguez/.m2/repository/com/github/jnr/jnr-posix/3.0.35/jnr-posix-3.0.35.jar:/Users/facundoandresdominguez/.m2/repository/org/springframework/boot/spring-boot-starter-test/2.3.2.RELEASE/spring-boot-starter-test-2.3.2.RELEASE.jar:/Users/facundoandresdominguez/.m2/repository/org/springframework/boot/spring-boot-test/2.3.2.RELEASE/spring-boot-test-2.3.2.RELEASE.jar:/Users/facundoandresdominguez/.m2/repository/org/springframework/boot/spring-boot-test-autoconfigure/2.3.2.RELEASE/spring-boot-test-autoconfigure-2.3.2.RELEASE.jar:/Users/facundoandresdominguez/.m2/repository/com/jayway/jsonpath/json-path/2.4.0/json-path-2.4.0.jar:/Users/facundoandresdominguez/.m2/repository/net/minidev/json-smart/2.3/json-smart-2.3.jar:/Users/facundoandresdominguez/.m2/repository/net/minidev/accessors-smart/1.2/accessors-smart-1.2.jar:/Users/facundoandresdominguez/.m2/repository/jakarta/xml/bind/jakarta.xml.bind-api/2.3.3/jakarta.xml.bind-api-2.3.3.jar:/Users/facundoandresdominguez/.m2/repository/jakarta/activation/jakarta.activation-api/1.2.2/jakarta.activation-api-1.2.2.jar:/Users/facundoandresdominguez/.m2/repository/org/hamcrest/hamcrest/2.2/hamcrest-2.2.jar:/Users/facundoandresdominguez/.m2/repository/org/junit/jupiter/junit-jupiter/5.6.2/junit-jupiter-5.6.2.jar:/Users/facundoandresdominguez/.m2/repository/org/junit/jupiter/junit-jupiter-api/5.6.2/junit-jupiter-api-5.6.2.jar:/Users/facundoandresdominguez/.m2/repository/org/apiguardian/apiguardian-api/1.1.0/apiguardian-api-1.1.0.jar:/Users/facundoandresdominguez/.m2/repository/org/opentest4j/opentest4j/1.2.0/opentest4j-1.2.0.jar:/Users/facundoandresdominguez/.m2/repository/org/junit/platform/junit-platform-commons/1.6.2/junit-platform-commons-1.6.2.jar:/Users/facundoandresdominguez/.m2/repository/org/junit/jupiter/junit-jupiter-params/5.6.2/junit-jupiter-params-5.6.2.jar:/Users/facundoandresdominguez/.m2/repository/org/junit/jupiter/junit-jupiter-engine/5.6.2/junit-jupiter-engine-5.6.2.jar:/Users/facundoandresdominguez/.m2/repository/org/junit/platform/junit-platform-engine/1.6.2/junit-platform-engine-1.6.2.jar:/Users/facundoandresdominguez/.m2/repository/org/mockito/mockito-junit-jupiter/3.3.3/mockito-junit-jupiter-3.3.3.jar:/Users/facundoandresdominguez/.m2/repository/org/skyscreamer/jsonassert/1.5.0/jsonassert-1.5.0.jar:/Users/facundoandresdominguez/.m2/repository/com/vaadin/external/google/android-json/0.0.20131108.vaadin1/android-json-0.0.20131108.vaadin1.jar:/Users/facundoandresdominguez/.m2/repository/org/springframework/spring-core/5.2.8.RELEASE/spring-core-5.2.8.RELEASE.jar:/Users/facundoandresdominguez/.m2/repository/org/springframework/spring-jcl/5.2.8.RELEASE/spring-jcl-5.2.8.RELEASE.jar:/Users/facundoandresdominguez/.m2/repository/org/springframework/spring-test/5.2.8.RELEASE/spring-test-5.2.8.RELEASE.jar:/Users/facundoandresdominguez/.m2/repository/org/xmlunit/xmlunit-core/2.7.0/xmlunit-core-2.7.0.jar:/Users/facundoandresdominguez/.m2/repository/junit/junit/4.12/junit-4.12.jar:/Users/facundoandresdominguez/.m2/repository/org/hamcrest/hamcrest-core/2.2/hamcrest-core-2.2.jar:/Users/facundoandresdominguez/.m2/repository/org/mockito/mockito-core/3.3.3/mockito-core-3.3.3.jar:/Users/facundoandresdominguez/.m2/repository/net/bytebuddy/byte-buddy/1.10.13/byte-buddy-1.10.13.jar:/Users/facundoandresdominguez/.m2/repository/net/bytebuddy/byte-buddy-agent/1.10.13/byte-buddy-agent-1.10.13.jar:/Users/facundoandresdominguez/.m2/repository/org/objenesis/objenesis/2.6/objenesis-2.6.jar:/Users/facundoandresdominguez/.m2/repository/org/json/json/20190722/json-20190722.jar:/Users/facundoandresdominguez/.m2/repository/org/assertj/assertj-core/3.16.1/assertj-core-3.16.1.jar:"/>
    <property name="sun.cpu.endian" value="little"/>
    <property name="user.home" value="/Users/facundoandresdominguez"/>
    <property name="user.language" value="es"/>
    <property name="java.specification.vendor" value="Oracle Corporation"/>
    <property name="java.home" value="/Library/Java/JavaVirtualMachines/jdk1.8.0_241.jdk/Contents/Home/jre"/>
    <property name="basedir" value="/Users/facundoandresdominguez/Documents/Programas/melimutanapigit/meli-exam-mutanapi"/>
    <property name="file.separator" value="/"/>
    <property name="line.separator" value="&#10;"/>
    <property name="java.vm.specification.vendor" value="Oracle Corporation"/>
    <property name="java.specification.name" value="Java Platform API Specification"/>
    <property name="java.awt.graphicsenv" value="sun.awt.CGraphicsEnvironment"/>
    <property name="surefire.real.class.path" value="/Users/facundoandresdominguez/Documents/Programas/melimutanapigit/meli-exam-mutanapi/target/surefire/surefirebooter2024694582051876253.jar"/>
    <property name="sun.boot.class.path" value="/Library/Java/JavaVirtualMachines/jdk1.8.0_241.jdk/Contents/Home/jre/lib/resources.jar:/Library/Java/JavaVirtualMachines/jdk1.8.0_241.jdk/Contents/Home/jre/lib/rt.jar:/Library/Java/JavaVirtualMachines/jdk1.8.0_241.jdk/Contents/Home/jre/lib/sunrsasign.jar:/Library/Java/JavaVirtualMachines/jdk1.8.0_241.jdk/Contents/Home/jre/lib/jsse.jar:/Library/Java/JavaVirtualMachines/jdk1.8.0_241.jdk/Contents/Home/jre/lib/jce.jar:/Library/Java/JavaVirtualMachines/jdk1.8.0_241.jdk/Contents/Home/jre/lib/charsets.jar:/Library/Java/JavaVirtualMachines/jdk1.8.0_241.jdk/Contents/Home/jre/lib/jfr.jar:/Library/Java/JavaVirtualMachines/jdk1.8.0_241.jdk/Contents/Home/jre/classes"/>
    <property name="sun.management.compiler" value="HotSpot 64-Bit Tiered Compilers"/>
    <property name="ftp.nonProxyHosts" value="local|*.local|169.254/16|*.169.254/16"/>
    <property name="java.runtime.version" value="1.8.0_241-b07"/>
    <property name="user.name" value="facundoandresdominguez"/>
    <property name="path.separator" value=":"/>
    <property name="os.version" value="10.14.6"/>
    <property name="java.endorsed.dirs" value="/Library/Java/JavaVirtualMachines/jdk1.8.0_241.jdk/Contents/Home/jre/lib/endorsed"/>
    <property name="java.runtime.name" value="Java(TM) SE Runtime Environment"/>
    <property name="file.encoding" value="UTF-8"/>
    <property name="java.vm.name" value="Java HotSpot(TM) 64-Bit Server VM"/>
    <property name="maven.ext.class.path" value="/Users/facundoandresdominguez/Downloads/netbeans/java/maven-nblib/netbeans-eventspy.jar"/>
    <property name="localRepository" value="/Users/facundoandresdominguez/.m2/repository"/>
    <property name="java.vendor.url.bug" value="http://bugreport.sun.com/bugreport/"/>
    <property name="java.io.tmpdir" value="/var/folders/36/67_flb9x3ng4_9dm7xn4x_xh0000gn/T/"/>
    <property name="java.version" value="1.8.0_241"/>
    <property name="user.dir" value="/Users/facundoandresdominguez/Documents/Programas/melimutanapigit/meli-exam-mutanapi"/>
    <property name="os.arch" value="x86_64"/>
    <property name="java.vm.specification.name" value="Java Virtual Machine Specification"/>
    <property name="java.awt.printerjob" value="sun.lwawt.macosx.CPrinterJob"/>
    <property name="sun.os.patch.level" value="unknown"/>
    <property name="java.library.path" value="/Users/facundoandresdominguez/Library/Java/Extensions:/Library/Java/Extensions:/Network/Library/Java/Extensions:/System/Library/Java/Extensions:/usr/lib/java:."/>
    <property name="java.vm.info" value="mixed mode"/>
    <property name="java.vendor" value="Oracle Corporation"/>
    <property name="java.vm.version" value="25.241-b07"/>
    <property name="java.ext.dirs" value="/Users/facundoandresdominguez/Library/Java/Extensions:/Library/Java/JavaVirtualMachines/jdk1.8.0_241.jdk/Contents/Home/jre/lib/ext:/Library/Java/Extensions:/Network/Library/Java/Extensions:/System/Library/Java/Extensions:/usr/lib/java"/>
    <property name="sun.io.unicode.encoding" value="UnicodeBig"/>
    <property name="java.class.version" value="52.0"/>
    <property name="socksNonProxyHosts" value="local|*.local|169.254/16|*.169.254/16"/>
  </properties>
  <testcase name="contextLoads" classname="melimutant.api.mutantapi.MutantapiApplicationTests" time="0.154"/>
</testsuite>